app/build/intermediates/manifest_merge_blame_file/debug/processDebugMainManifest/manifest-merger-blame-debug-report.txt
1<?xml version="1.0" encoding="utf-8"?>
2<manifest xmlns:android="http://schemas.android.com/apk/res/android"
3    package="com.app.digitalwalletdemo"
4    android:versionCode="1"
5    android:versionName="1.0" >
6
7    <uses-sdk
8        android:minSdkVersion="26"
9        android:targetSdkVersion="34" />
10
11    <uses-permission android:name="android.permission.INTERNET" />
11-->src/main/AndroidManifest.xml:5:5-67
11-->src/main/AndroidManifest.xml:5:22-64
12
13    <queries>
13-->src/main/AndroidManifest.xml:7:5-26:15
14        <package android:name="io.metamask" />
14-->src/main/AndroidManifest.xml:8:9-47
14-->src/main/AndroidManifest.xml:8:18-44
15        <package android:name="com.wallet.crypto.trustapp" />
15-->src/main/AndroidManifest.xml:9:9-62
15-->src/main/AndroidManifest.xml:9:18-59
16        <package android:name="io.gnosis.safe" />
16-->src/main/AndroidManifest.xml:10:9-50
16-->src/main/AndroidManifest.xml:10:18-47
17        <package android:name="me.rainbow" />
17-->src/main/AndroidManifest.xml:11:9-46
17-->src/main/AndroidManifest.xml:11:18-43
18        <package android:name="im.token.app" />
18-->src/main/AndroidManifest.xml:12:9-48
18-->src/main/AndroidManifest.xml:12:18-45
19        <package android:name="io.zerion.android" />
19-->src/main/AndroidManifest.xml:13:9-53
19-->src/main/AndroidManifest.xml:13:18-50
20        <package android:name="com.spot.spot" />
20-->src/main/AndroidManifest.xml:14:9-49
20-->src/main/AndroidManifest.xml:14:18-46
21        <package android:name="fi.steakwallet.app" />
21-->src/main/AndroidManifest.xml:15:9-54
21-->src/main/AndroidManifest.xml:15:18-51
22        <package android:name="vip.mytokenpocket" />
22-->src/main/AndroidManifest.xml:16:9-53
22-->src/main/AndroidManifest.xml:16:18-50
23        <package android:name="com.frontierwallet" />
23-->src/main/AndroidManifest.xml:17:9-54
23-->src/main/AndroidManifest.xml:17:18-51
24        <package android:name="com.bitkeep.wallet" />
24-->src/main/AndroidManifest.xml:18:9-54
24-->src/main/AndroidManifest.xml:18:18-51
25        <package android:name="im.argent.contractwalletclient" />
25-->src/main/AndroidManifest.xml:19:9-66
25-->src/main/AndroidManifest.xml:19:18-63
26        <package android:name="com.reown.sample.wallet" />
26-->src/main/AndroidManifest.xml:20:9-59
26-->src/main/AndroidManifest.xml:20:18-56
27        <package android:name="com.reown.sample.wallet.debug" />
27-->src/main/AndroidManifest.xml:21:9-65
27-->src/main/AndroidManifest.xml:21:18-62
28        <package android:name="com.reown.sample.wallet.internal" />
28-->src/main/AndroidManifest.xml:22:9-68
28-->src/main/AndroidManifest.xml:22:18-65
29        <package android:name="com.walletconnect.web3wallet.rnsample.internal" />
29-->src/main/AndroidManifest.xml:23:9-82
29-->src/main/AndroidManifest.xml:23:18-79
30        <package android:name="com.walletconnect.flutterwallet" />
30-->src/main/AndroidManifest.xml:24:9-67
30-->src/main/AndroidManifest.xml:24:18-64
31        <package android:name="com.walletconnect.flutterwallet.internal" />
31-->src/main/AndroidManifest.xml:25:9-76
31-->src/main/AndroidManifest.xml:25:18-73
32        <package android:name="org.toshi" />
32-->[com.reown:appkit:1.3.3] AndroidManifest.xml:8:9-45
32-->[com.reown:appkit:1.3.3] AndroidManifest.xml:8:18-42
33    </queries>
34
35    <uses-permission android:name="android.permission.ACCESS_NETWORK_STATE" />
35-->[com.reown:android-core:1.3.3] AndroidManifest.xml:13:5-79
35-->[com.reown:android-core:1.3.3] AndroidManifest.xml:13:22-76
36    <uses-permission android:name="android.permission.POST_NOTIFICATIONS" />
36-->[com.google.firebase:firebase-messaging:24.0.1] AndroidManifest.xml:23:5-77
36-->[com.google.firebase:firebase-messaging:24.0.1] AndroidManifest.xml:23:22-74
37    <uses-permission android:name="android.permission.WAKE_LOCK" /> <!-- Required by older versions of Google Play services to create IID tokens -->
37-->[com.google.firebase:firebase-messaging:24.0.1] AndroidManifest.xml:24:5-68
37-->[com.google.firebase:firebase-messaging:24.0.1] AndroidManifest.xml:24:22-65
38    <uses-permission android:name="com.google.android.c2dm.permission.RECEIVE" />
38-->[com.google.firebase:firebase-messaging:24.0.1] AndroidManifest.xml:26:5-82
38-->[com.google.firebase:firebase-messaging:24.0.1] AndroidManifest.xml:26:22-79
39
40    <permission
40-->[androidx.core:core:1.15.0] AndroidManifest.xml:22:5-24:47
41        android:name="com.app.digitalwalletdemo.DYNAMIC_RECEIVER_NOT_EXPORTED_PERMISSION"
41-->[androidx.core:core:1.15.0] AndroidManifest.xml:23:9-81
42        android:protectionLevel="signature" />
42-->[androidx.core:core:1.15.0] AndroidManifest.xml:24:9-44
43
44    <uses-permission android:name="com.app.digitalwalletdemo.DYNAMIC_RECEIVER_NOT_EXPORTED_PERMISSION" />
44-->[androidx.core:core:1.15.0] AndroidManifest.xml:26:5-97
44-->[androidx.core:core:1.15.0] AndroidManifest.xml:26:22-94
45
46    <application
46-->src/main/AndroidManifest.xml:29:5-82:19
47        android:name="com.app.digitalwalletdemo.App"
47-->src/main/AndroidManifest.xml:30:9-28
48        android:allowBackup="true"
48-->src/main/AndroidManifest.xml:31:9-35
49        android:appComponentFactory="androidx.core.app.CoreComponentFactory"
49-->[androidx.core:core:1.15.0] AndroidManifest.xml:28:18-86
50        android:dataExtractionRules="@xml/data_extraction_rules"
50-->src/main/AndroidManifest.xml:32:9-65
51        android:debuggable="true"
52        android:extractNativeLibs="false"
53        android:fullBackupContent="@xml/backup_rules"
53-->src/main/AndroidManifest.xml:33:9-54
54        android:icon="@mipmap/ic_launcher"
54-->src/main/AndroidManifest.xml:34:9-43
55        android:label="@string/app_name"
55-->src/main/AndroidManifest.xml:35:9-41
56        android:roundIcon="@mipmap/ic_launcher_round"
56-->src/main/AndroidManifest.xml:36:9-54
57        android:supportsRtl="true"
57-->src/main/AndroidManifest.xml:37:9-35
58        android:testOnly="true"
59        android:theme="@style/Theme.DigitalWalletDemo"
59-->src/main/AndroidManifest.xml:38:9-55
60        android:usesCleartextTraffic="true" >
60-->src/main/AndroidManifest.xml:39:9-44
61        <activity
61-->src/main/AndroidManifest.xml:43:9-79:20
62            android:name="com.app.digitalwalletdemo.ui.DappActivity"
62-->src/main/AndroidManifest.xml:44:13-44
63            android:exported="true"
63-->src/main/AndroidManifest.xml:45:13-36
64            android:label="@string/app_name"
64-->src/main/AndroidManifest.xml:46:13-45
65            android:launchMode="singleTask"
65-->src/main/AndroidManifest.xml:47:13-44
66            android:theme="@style/Theme.DigitalWalletDemo" >
66-->src/main/AndroidManifest.xml:48:13-59
67            <intent-filter>
67-->src/main/AndroidManifest.xml:50:13-53:29
68                <action android:name="android.intent.action.MAIN" />
68-->src/main/AndroidManifest.xml:51:17-69
68-->src/main/AndroidManifest.xml:51:25-66
69
70                <category android:name="android.intent.category.LAUNCHER" />
70-->src/main/AndroidManifest.xml:52:17-77
70-->src/main/AndroidManifest.xml:52:27-74
71            </intent-filter>
72            <intent-filter android:autoVerify="true" >
72-->src/main/AndroidManifest.xml:56:13-66:29
72-->src/main/AndroidManifest.xml:56:28-53
73                <action android:name="android.intent.action.VIEW" />
73-->src/main/AndroidManifest.xml:57:17-69
73-->src/main/AndroidManifest.xml:57:25-66
74
75                <category android:name="android.intent.category.DEFAULT" />
75-->src/main/AndroidManifest.xml:59:17-76
75-->src/main/AndroidManifest.xml:59:27-73
76                <category android:name="android.intent.category.BROWSABLE" />
76-->src/main/AndroidManifest.xml:60:17-78
76-->src/main/AndroidManifest.xml:60:27-75
77
78                <data
78-->src/main/AndroidManifest.xml:62:17-65:46
79                    android:host="appkit-lab.reown.com"
79-->src/main/AndroidManifest.xml:63:21-56
80                    android:pathPrefix="/wallet_internal"
80-->src/main/AndroidManifest.xml:64:21-58
81                    android:scheme="https" />
81-->src/main/AndroidManifest.xml:65:21-43
82            </intent-filter>
83            <intent-filter>
83-->src/main/AndroidManifest.xml:68:13-76:29
84                <action android:name="android.intent.action.VIEW" />
84-->src/main/AndroidManifest.xml:57:17-69
84-->src/main/AndroidManifest.xml:57:25-66
85
86                <category android:name="android.intent.category.DEFAULT" />
86-->src/main/AndroidManifest.xml:59:17-76
86-->src/main/AndroidManifest.xml:59:27-73
87                <category android:name="android.intent.category.BROWSABLE" />
87-->src/main/AndroidManifest.xml:60:17-78
87-->src/main/AndroidManifest.xml:60:27-75
88
89                <data android:scheme="kotlin-dapp-wc" />
89-->src/main/AndroidManifest.xml:62:17-65:46
89-->src/main/AndroidManifest.xml:65:21-43
90                <data android:host="request" />
90-->src/main/AndroidManifest.xml:62:17-65:46
90-->src/main/AndroidManifest.xml:63:21-56
91            </intent-filter>
92        </activity>
93
94        <receiver
94-->[com.google.firebase:firebase-messaging:24.0.1] AndroidManifest.xml:29:9-40:20
95            android:name="com.google.firebase.iid.FirebaseInstanceIdReceiver"
95-->[com.google.firebase:firebase-messaging:24.0.1] AndroidManifest.xml:30:13-78
96            android:exported="true"
96-->[com.google.firebase:firebase-messaging:24.0.1] AndroidManifest.xml:31:13-36
97            android:permission="com.google.android.c2dm.permission.SEND" >
97-->[com.google.firebase:firebase-messaging:24.0.1] AndroidManifest.xml:32:13-73
98            <intent-filter>
98-->[com.google.firebase:firebase-messaging:24.0.1] AndroidManifest.xml:33:13-35:29
99                <action android:name="com.google.android.c2dm.intent.RECEIVE" />
99-->[com.google.firebase:firebase-messaging:24.0.1] AndroidManifest.xml:34:17-81
99-->[com.google.firebase:firebase-messaging:24.0.1] AndroidManifest.xml:34:25-78
100            </intent-filter>
101
102            <meta-data
102-->[com.google.firebase:firebase-messaging:24.0.1] AndroidManifest.xml:37:13-39:40
103                android:name="com.google.android.gms.cloudmessaging.FINISHED_AFTER_HANDLED"
103-->[com.google.firebase:firebase-messaging:24.0.1] AndroidManifest.xml:38:17-92
104                android:value="true" />
104-->[com.google.firebase:firebase-messaging:24.0.1] AndroidManifest.xml:39:17-37
105        </receiver>
106        <!--
107             FirebaseMessagingService performs security checks at runtime,
108             but set to not exported to explicitly avoid allowing another app to call it.
109        -->
110        <service
110-->[com.google.firebase:firebase-messaging:24.0.1] AndroidManifest.xml:46:9-53:19
111            android:name="com.google.firebase.messaging.FirebaseMessagingService"
111-->[com.google.firebase:firebase-messaging:24.0.1] AndroidManifest.xml:47:13-82
112            android:directBootAware="true"
112-->[com.google.firebase:firebase-messaging:24.0.1] AndroidManifest.xml:48:13-43
113            android:exported="false" >
113-->[com.google.firebase:firebase-messaging:24.0.1] AndroidManifest.xml:49:13-37
114            <intent-filter android:priority="-500" >
114-->[com.google.firebase:firebase-messaging:24.0.1] AndroidManifest.xml:50:13-52:29
114-->[com.google.firebase:firebase-messaging:24.0.1] AndroidManifest.xml:50:28-51
115                <action android:name="com.google.firebase.MESSAGING_EVENT" />
115-->[com.google.firebase:firebase-messaging:24.0.1] AndroidManifest.xml:51:17-78
115-->[com.google.firebase:firebase-messaging:24.0.1] AndroidManifest.xml:51:25-75
116            </intent-filter>
117        </service>
118        <service
118-->[com.google.firebase:firebase-messaging:24.0.1] AndroidManifest.xml:54:9-63:19
119            android:name="com.google.firebase.components.ComponentDiscoveryService"
119-->[com.google.firebase:firebase-messaging:24.0.1] AndroidManifest.xml:55:13-84
120            android:directBootAware="true"
120-->[com.google.firebase:firebase-common:21.0.0] AndroidManifest.xml:32:13-43
121            android:exported="false" >
121-->[com.google.firebase:firebase-messaging:24.0.1] AndroidManifest.xml:56:13-37
122            <meta-data
122-->[com.google.firebase:firebase-messaging:24.0.1] AndroidManifest.xml:57:13-59:85
123                android:name="com.google.firebase.components:com.google.firebase.messaging.FirebaseMessagingKtxRegistrar"
123-->[com.google.firebase:firebase-messaging:24.0.1] AndroidManifest.xml:58:17-122
124                android:value="com.google.firebase.components.ComponentRegistrar" />
124-->[com.google.firebase:firebase-messaging:24.0.1] AndroidManifest.xml:59:17-82
125            <meta-data
125-->[com.google.firebase:firebase-messaging:24.0.1] AndroidManifest.xml:60:13-62:85
126                android:name="com.google.firebase.components:com.google.firebase.messaging.FirebaseMessagingRegistrar"
126-->[com.google.firebase:firebase-messaging:24.0.1] AndroidManifest.xml:61:17-119
127                android:value="com.google.firebase.components.ComponentRegistrar" />
127-->[com.google.firebase:firebase-messaging:24.0.1] AndroidManifest.xml:62:17-82
128            <meta-data
128-->[com.google.firebase:firebase-installations:18.0.0] AndroidManifest.xml:15:13-17:85
129                android:name="com.google.firebase.components:com.google.firebase.installations.FirebaseInstallationsKtxRegistrar"
129-->[com.google.firebase:firebase-installations:18.0.0] AndroidManifest.xml:16:17-130
130                android:value="com.google.firebase.components.ComponentRegistrar" />
130-->[com.google.firebase:firebase-installations:18.0.0] AndroidManifest.xml:17:17-82
131            <meta-data
131-->[com.google.firebase:firebase-installations:18.0.0] AndroidManifest.xml:18:13-20:85
132                android:name="com.google.firebase.components:com.google.firebase.installations.FirebaseInstallationsRegistrar"
132-->[com.google.firebase:firebase-installations:18.0.0] AndroidManifest.xml:19:17-127
133                android:value="com.google.firebase.components.ComponentRegistrar" />
133-->[com.google.firebase:firebase-installations:18.0.0] AndroidManifest.xml:20:17-82
134            <meta-data
134-->[com.google.firebase:firebase-common-ktx:21.0.0] AndroidManifest.xml:12:13-14:85
135                android:name="com.google.firebase.components:com.google.firebase.ktx.FirebaseCommonLegacyRegistrar"
135-->[com.google.firebase:firebase-common-ktx:21.0.0] AndroidManifest.xml:13:17-116
136                android:value="com.google.firebase.components.ComponentRegistrar" />
136-->[com.google.firebase:firebase-common-ktx:21.0.0] AndroidManifest.xml:14:17-82
137            <meta-data
137-->[com.google.firebase:firebase-common:21.0.0] AndroidManifest.xml:35:13-37:85
138                android:name="com.google.firebase.components:com.google.firebase.FirebaseCommonKtxRegistrar"
138-->[com.google.firebase:firebase-common:21.0.0] AndroidManifest.xml:36:17-109
139                android:value="com.google.firebase.components.ComponentRegistrar" />
139-->[com.google.firebase:firebase-common:21.0.0] AndroidManifest.xml:37:17-82
140            <meta-data
140-->[com.google.firebase:firebase-datatransport:18.2.0] AndroidManifest.xml:25:13-27:85
141                android:name="com.google.firebase.components:com.google.firebase.datatransport.TransportRegistrar"
141-->[com.google.firebase:firebase-datatransport:18.2.0] AndroidManifest.xml:26:17-115
142                android:value="com.google.firebase.components.ComponentRegistrar" />
142-->[com.google.firebase:firebase-datatransport:18.2.0] AndroidManifest.xml:27:17-82
143        </service>
144
145        <provider
145-->[com.google.firebase:firebase-common:21.0.0] AndroidManifest.xml:23:9-28:39
146            android:name="com.google.firebase.provider.FirebaseInitProvider"
146-->[com.google.firebase:firebase-common:21.0.0] AndroidManifest.xml:24:13-77
147            android:authorities="com.app.digitalwalletdemo.firebaseinitprovider"
147-->[com.google.firebase:firebase-common:21.0.0] AndroidManifest.xml:25:13-72
148            android:directBootAware="true"
148-->[com.google.firebase:firebase-common:21.0.0] AndroidManifest.xml:26:13-43
149            android:exported="false"
149-->[com.google.firebase:firebase-common:21.0.0] AndroidManifest.xml:27:13-37
150            android:initOrder="100" />
150-->[com.google.firebase:firebase-common:21.0.0] AndroidManifest.xml:28:13-36
151
152        <activity
152-->[com.google.android.gms:play-services-base:18.0.1] AndroidManifest.xml:20:9-22:45
153            android:name="com.google.android.gms.common.api.GoogleApiActivity"
153-->[com.google.android.gms:play-services-base:18.0.1] AndroidManifest.xml:20:19-85
154            android:exported="false"
154-->[com.google.android.gms:play-services-base:18.0.1] AndroidManifest.xml:22:19-43
155            android:theme="@android:style/Theme.Translucent.NoTitleBar" />
155-->[com.google.android.gms:play-services-base:18.0.1] AndroidManifest.xml:21:19-78
156
157        <uses-library
157-->[androidx.wear.compose:compose-foundation:1.5.0-alpha13] AndroidManifest.xml:23:9-25:40
158            android:name="wear-sdk"
158-->[androidx.wear.compose:compose-foundation:1.5.0-alpha13] AndroidManifest.xml:24:13-36
159            android:required="false" />
159-->[androidx.wear.compose:compose-foundation:1.5.0-alpha13] AndroidManifest.xml:25:13-37
160
161        <activity
161-->[androidx.compose.ui:ui-test-manifest:1.8.0-beta01] AndroidManifest.xml:23:9-26:79
162            android:name="androidx.activity.ComponentActivity"
162-->[androidx.compose.ui:ui-test-manifest:1.8.0-beta01] AndroidManifest.xml:24:13-63
163            android:exported="true"
163-->[androidx.compose.ui:ui-test-manifest:1.8.0-beta01] AndroidManifest.xml:25:13-36
164            android:theme="@android:style/Theme.Material.Light.NoActionBar" />
164-->[androidx.compose.ui:ui-test-manifest:1.8.0-beta01] AndroidManifest.xml:26:13-76
165
166        <provider
166-->[androidx.emoji2:emoji2:1.4.0] AndroidManifest.xml:24:9-32:20
167            android:name="androidx.startup.InitializationProvider"
167-->[androidx.emoji2:emoji2:1.4.0] AndroidManifest.xml:25:13-67
168            android:authorities="com.app.digitalwalletdemo.androidx-startup"
168-->[androidx.emoji2:emoji2:1.4.0] AndroidManifest.xml:26:13-68
169            android:exported="false" >
169-->[androidx.emoji2:emoji2:1.4.0] AndroidManifest.xml:27:13-37
170            <meta-data
170-->[androidx.emoji2:emoji2:1.4.0] AndroidManifest.xml:29:13-31:52
171                android:name="androidx.emoji2.text.EmojiCompatInitializer"
171-->[androidx.emoji2:emoji2:1.4.0] AndroidManifest.xml:30:17-75
172                android:value="androidx.startup" />
172-->[androidx.emoji2:emoji2:1.4.0] AndroidManifest.xml:31:17-49
173            <meta-data
173-->[androidx.lifecycle:lifecycle-process:2.8.7] AndroidManifest.xml:29:13-31:52
174                android:name="androidx.lifecycle.ProcessLifecycleInitializer"
174-->[androidx.lifecycle:lifecycle-process:2.8.7] AndroidManifest.xml:30:17-78
175                android:value="androidx.startup" />
175-->[androidx.lifecycle:lifecycle-process:2.8.7] AndroidManifest.xml:31:17-49
176            <meta-data
176-->[androidx.profileinstaller:profileinstaller:1.4.0] AndroidManifest.xml:29:13-31:52
177                android:name="androidx.profileinstaller.ProfileInstallerInitializer"
177-->[androidx.profileinstaller:profileinstaller:1.4.0] AndroidManifest.xml:30:17-85
178                android:value="androidx.startup" />
178-->[androidx.profileinstaller:profileinstaller:1.4.0] AndroidManifest.xml:31:17-49
179        </provider>
180
181        <activity
181-->[androidx.compose.ui:ui-tooling-android:1.8.0-beta01] AndroidManifest.xml:23:9-25:39
182            android:name="androidx.compose.ui.tooling.PreviewActivity"
182-->[androidx.compose.ui:ui-tooling-android:1.8.0-beta01] AndroidManifest.xml:24:13-71
183            android:exported="true" />
183-->[androidx.compose.ui:ui-tooling-android:1.8.0-beta01] AndroidManifest.xml:25:13-36
184
185        <uses-library
185-->[androidx.window:window:1.0.0] AndroidManifest.xml:25:9-27:40
186            android:name="androidx.window.extensions"
186-->[androidx.window:window:1.0.0] AndroidManifest.xml:26:13-54
187            android:required="false" />
187-->[androidx.window:window:1.0.0] AndroidManifest.xml:27:13-37
188        <uses-library
188-->[androidx.window:window:1.0.0] AndroidManifest.xml:28:9-30:40
189            android:name="androidx.window.sidecar"
189-->[androidx.window:window:1.0.0] AndroidManifest.xml:29:13-51
190            android:required="false" />
190-->[androidx.window:window:1.0.0] AndroidManifest.xml:30:13-37
191
192        <meta-data
192-->[com.google.android.gms:play-services-basement:18.3.0] AndroidManifest.xml:21:9-23:69
193            android:name="com.google.android.gms.version"
193-->[com.google.android.gms:play-services-basement:18.3.0] AndroidManifest.xml:22:13-58
194            android:value="@integer/google_play_services_version" />
194-->[com.google.android.gms:play-services-basement:18.3.0] AndroidManifest.xml:23:13-66
195
196        <receiver
196-->[androidx.profileinstaller:profileinstaller:1.4.0] AndroidManifest.xml:34:9-52:20
197            android:name="androidx.profileinstaller.ProfileInstallReceiver"
197-->[androidx.profileinstaller:profileinstaller:1.4.0] AndroidManifest.xml:35:13-76
198            android:directBootAware="false"
198-->[androidx.profileinstaller:profileinstaller:1.4.0] AndroidManifest.xml:36:13-44
199            android:enabled="true"
199-->[androidx.profileinstaller:profileinstaller:1.4.0] AndroidManifest.xml:37:13-35
200            android:exported="true"
200-->[androidx.profileinstaller:profileinstaller:1.4.0] AndroidManifest.xml:38:13-36
201            android:permission="android.permission.DUMP" >
201-->[androidx.profileinstaller:profileinstaller:1.4.0] AndroidManifest.xml:39:13-57
202            <intent-filter>
202-->[androidx.profileinstaller:profileinstaller:1.4.0] AndroidManifest.xml:40:13-42:29
203                <action android:name="androidx.profileinstaller.action.INSTALL_PROFILE" />
203-->[androidx.profileinstaller:profileinstaller:1.4.0] AndroidManifest.xml:41:17-91
203-->[androidx.profileinstaller:profileinstaller:1.4.0] AndroidManifest.xml:41:25-88
204            </intent-filter>
205            <intent-filter>
205-->[androidx.profileinstaller:profileinstaller:1.4.0] AndroidManifest.xml:43:13-45:29
206                <action android:name="androidx.profileinstaller.action.SKIP_FILE" />
206-->[androidx.profileinstaller:profileinstaller:1.4.0] AndroidManifest.xml:44:17-85
206-->[androidx.profileinstaller:profileinstaller:1.4.0] AndroidManifest.xml:44:25-82
207            </intent-filter>
208            <intent-filter>
208-->[androidx.profileinstaller:profileinstaller:1.4.0] AndroidManifest.xml:46:13-48:29
209                <action android:name="androidx.profileinstaller.action.SAVE_PROFILE" />
209-->[androidx.profileinstaller:profileinstaller:1.4.0] AndroidManifest.xml:47:17-88
209-->[androidx.profileinstaller:profileinstaller:1.4.0] AndroidManifest.xml:47:25-85
210            </intent-filter>
211            <intent-filter>
211-->[androidx.profileinstaller:profileinstaller:1.4.0] AndroidManifest.xml:49:13-51:29
212                <action android:name="androidx.profileinstaller.action.BENCHMARK_OPERATION" />
212-->[androidx.profileinstaller:profileinstaller:1.4.0] AndroidManifest.xml:50:17-95
212-->[androidx.profileinstaller:profileinstaller:1.4.0] AndroidManifest.xml:50:25-92
213            </intent-filter>
214        </receiver>
215
216        <service
216-->[com.google.android.datatransport:transport-backend-cct:3.1.9] AndroidManifest.xml:28:9-34:19
217            android:name="com.google.android.datatransport.runtime.backends.TransportBackendDiscovery"
217-->[com.google.android.datatransport:transport-backend-cct:3.1.9] AndroidManifest.xml:29:13-103
218            android:exported="false" >
218-->[com.google.android.datatransport:transport-backend-cct:3.1.9] AndroidManifest.xml:30:13-37
219            <meta-data
219-->[com.google.android.datatransport:transport-backend-cct:3.1.9] AndroidManifest.xml:31:13-33:39
220                android:name="backend:com.google.android.datatransport.cct.CctBackendFactory"
220-->[com.google.android.datatransport:transport-backend-cct:3.1.9] AndroidManifest.xml:32:17-94
221                android:value="cct" />
221-->[com.google.android.datatransport:transport-backend-cct:3.1.9] AndroidManifest.xml:33:17-36
222        </service>
223        <service
223-->[com.google.android.datatransport:transport-runtime:3.1.9] AndroidManifest.xml:26:9-30:19
224            android:name="com.google.android.datatransport.runtime.scheduling.jobscheduling.JobInfoSchedulerService"
224-->[com.google.android.datatransport:transport-runtime:3.1.9] AndroidManifest.xml:27:13-117
225            android:exported="false"
225-->[com.google.android.datatransport:transport-runtime:3.1.9] AndroidManifest.xml:28:13-37
226            android:permission="android.permission.BIND_JOB_SERVICE" >
226-->[com.google.android.datatransport:transport-runtime:3.1.9] AndroidManifest.xml:29:13-69
227        </service>
228
229        <receiver
229-->[com.google.android.datatransport:transport-runtime:3.1.9] AndroidManifest.xml:32:9-34:40
230            android:name="com.google.android.datatransport.runtime.scheduling.jobscheduling.AlarmManagerSchedulerBroadcastReceiver"
230-->[com.google.android.datatransport:transport-runtime:3.1.9] AndroidManifest.xml:33:13-132
231            android:exported="false" />
231-->[com.google.android.datatransport:transport-runtime:3.1.9] AndroidManifest.xml:34:13-37
232    </application>
233
234</manifest>